<?xml version="1.0" encoding="UTF-8" ?>
<testsuite errors="1" failures="0" hostname="fabio-Lenovo-V15-ADA" name="com.allendowney.javacs.MyArrayListTest" skipped="0" tests="1" time="0.0" timestamp="2023-11-22T11:36:35">
  <properties>
    <property name="java.vendor" value="Private Build" />
    <property name="env.SESSION_MANAGER" value="local/fabio-Lenovo-V15-ADA:@/tmp/.ICE-unix/1746,unix/fabio-Lenovo-V15-ADA:/tmp/.ICE-unix/1746" />
    <property name="env.IM_CONFIG_PHASE" value="1" />
    <property name="env.LESSOPEN" value="| /usr/bin/lesspipe %s" />
    <property name="sun.java.launcher" value="SUN_STANDARD" />
    <property name="env.QT_IM_MODULE" value="ibus" />
    <property name="sun.management.compiler" value="HotSpot 64-Bit Tiered Compilers" />
    <property name="os.name" value="Linux" />
    <property name="env.PWD" value="/home/fabio/Scrivania/Java-stuff/ThinkDataStructures/code" />
    <property name="env.LANG" value="it_IT.UTF-8" />
    <property name="java.vm.specification.vendor" value="Oracle Corporation" />
    <property name="env.XDG_MENU_PREFIX" value="gnome-" />
    <property name="ant.home" value="/usr/share/ant" />
    <property name="java.runtime.version" value="17.0.8.1+1-Ubuntu-0ubuntu122.04" />
    <property name="env.GOPATH" value="/home/fabio/go" />
    <property name="env.XDG_SESSION_CLASS" value="user" />
    <property name="env.DISPLAY" value=":0" />
    <property name="user.name" value="fabio" />
    <property name="env._" value="/usr/bin/ant" />
    <property name="env.USER" value="fabio" />
    <property name="env.GNOME_SHELL_SESSION_MODE" value="ubuntu" />
    <property name="env.SHELL" value="/bin/bash" />
    <property name="env.DESKTOP_SESSION" value="ubuntu" />
    <property name="env.XDG_DATA_DIRS" value="/usr/share/ubuntu:/usr/local/share/:/usr/share/:/var/lib/snapd/desktop" />
    <property name="env.XDG_CURRENT_DESKTOP" value="ubuntu:GNOME" />
    <property name="env.PATH" value="/home/fabio/.cargo/bin:/home/fabio/.local/bin:/usr/local/sbin:/usr/local/bin:/usr/sbin:/usr/bin:/sbin:/bin:/usr/games:/usr/local/games:/snap/bin:/snap/bin:/usr/local/go/bin:/home/fabio/go/bin" />
    <property name="user.language" value="it" />
    <property name="env.XDG_SESSION_DESKTOP" value="ubuntu" />
    <property name="sun.boot.library.path" value="/usr/lib/jvm/java-17-openjdk-amd64/lib" />
    <property name="ant.project.default-target" value="build" />
    <property name="ant.project.name" value="JavaCS" />
    <property name="env.GNOME_TERMINAL_SERVICE" value=":1.116" />
    <property name="java.vm.compressedOopsMode" value="32-bit" />
    <property name="java.version" value="17.0.8.1" />
    <property name="env.DBUS_SESSION_BUS_ADDRESS" value="unix:path=/run/user/1000/bus" />
    <property name="sun.arch.data.model" value="64" />
    <property name="sun.jnu.encoding" value="UTF-8" />
    <property name="env.SHLVL" value="1" />
    <property name="file.separator" value="/" />
    <property name="java.specification.name" value="Java Platform API Specification" />
    <property name="java.class.version" value="61.0" />
    <property name="env.GNOME_DESKTOP_SESSION_ID" value="this-is-deprecated" />
    <property name="env.GDMSESSION" value="ubuntu" />
    <property name="user.country" value="IT" />
    <property name="env.GNOME_TERMINAL_SCREEN" value="/org/gnome/Terminal/screen/7645cf54_060e_4861_ae27_e3308751116d" />
    <property name="ant.file.JavaCS" value="/home/fabio/Scrivania/Java-stuff/ThinkDataStructures/code/build.xml" />
    <property name="java.home" value="/usr/lib/jvm/java-17-openjdk-amd64" />
    <property name="java.vm.info" value="mixed mode, sharing" />
    <property name="env.GNOME_SETUP_DISPLAY" value=":1" />
    <property name="os.version" value="6.2.0-36-generic" />
    <property name="ant.file" value="/home/fabio/Scrivania/Java-stuff/ThinkDataStructures/code/build.xml" />
    <property name="env.LOGNAME" value="fabio" />
    <property name="path.separator" value=":" />
    <property name="java.vm.version" value="17.0.8.1+1-Ubuntu-0ubuntu122.04" />
    <property name="ant.library.dir" value="/usr/share/ant/lib" />
    <property name="junit.output.dir" value="junit" />
    <property name="env.XDG_SESSION_TYPE" value="wayland" />
    <property name="env.TERM" value="xterm-256color" />
    <property name="sun.io.unicode.encoding" value="UnicodeLittle" />
    <property name="env.XMODIFIERS" value="@im=ibus" />
    <property name="sun.stdout.encoding" value="UTF-8" />
    <property name="target" value="1.7" />
    <property name="user.home" value="/home/fabio" />
    <property name="java.version.date" value="2023-08-24" />
    <property name="env.OLDPWD" value="/home/fabio/Scrivania/Java-stuff/ThinkDataStructures" />
    <property name="java.specification.vendor" value="Oracle Corporation" />
    <property name="env.VTE_VERSION" value="6800" />
    <property name="java.library.path" value="/usr/java/packages/lib:/usr/lib/x86_64-linux-gnu/jni:/lib/x86_64-linux-gnu:/usr/lib/x86_64-linux-gnu:/usr/lib/jni:/lib:/usr/lib" />
    <property name="java.vendor.url" value="Unknown" />
    <property name="java.vm.vendor" value="Private Build" />
    <property name="java.runtime.name" value="OpenJDK Runtime Environment" />
    <property name="env.SSH_AGENT_LAUNCHER" value="gnome-keyring" />
    <property name="sun.java.command" value="org.apache.tools.ant.taskdefs.optional.junit.JUnitTestRunner com.allendowney.javacs.MyArrayListTest skipNonTests=false filtertrace=true haltOnError=false haltOnFailure=false formatter=org.apache.tools.ant.taskdefs.optional.junit.OutErrSummaryJUnitResultFormatter showoutput=false outputtoformatters=true logfailedtests=true threadid=0 logtestlistenerevents=false formatter=org.apache.tools.ant.taskdefs.optional.junit.XMLJUnitResultFormatter,/home/fabio/Scrivania/Java-stuff/ThinkDataStructures/code/junit/TEST-com.allendowney.javacs.MyArrayListTest.xml crashfile=/home/fabio/Scrivania/Java-stuff/ThinkDataStructures/code/junitvmwatcher16718495401301332701.properties propsfile=/home/fabio/Scrivania/Java-stuff/ThinkDataStructures/code/junit7627992092057031497.properties" />
    <property name="java.class.path" value="/home/fabio/Scrivania/Java-stuff/ThinkDataStructures/code/bin:/home/fabio/Scrivania/Java-stuff/ThinkDataStructures/code/lib/jedis-2.8.0.jar:/home/fabio/Scrivania/Java-stuff/ThinkDataStructures/code/lib/jsoup-1.8.3.jar:/home/fabio/Scrivania/Java-stuff/ThinkDataStructures/code/lib/junit-4.12.jar:/home/fabio/Scrivania/Java-stuff/ThinkDataStructures/code/lib/hamcrest-core-1.3.jar:/home/fabio/Scrivania/Java-stuff/ThinkDataStructures/code/lib/jcommon-1.0.23.jar:/home/fabio/Scrivania/Java-stuff/ThinkDataStructures/code/lib/jfreechart-1.0.19.jar:/home/fabio/Scrivania/Java-stuff/ThinkDataStructures/code/lib/servlet.jar:/home/fabio/Scrivania/Java-stuff/ThinkDataStructures/code/lib/ant-junit.jar:/home/fabio/Scrivania/Java-stuff/ThinkDataStructures/code/lib/commons-math3-3.6.jar:/home/fabio/Scrivania/Java-stuff/ThinkDataStructures/code/lib/hamcrest-library-1.3.jar:/usr/share/java/ant-launcher-1.10.12.jar:/usr/share/ant/lib/ant.jar:/usr/share/ant/lib/ant-junit.jar:/usr/share/ant/lib/ant-junit4.jar" />
    <property name="ant.version" value="Apache Ant(TM) version 1.10.12 compiled on January 17 1970" />
    <property name="native.encoding" value="UTF-8" />
    <property name="jdk.debug" value="release" />
    <property name="ant.file.type.JavaCS" value="file" />
    <property name="env.QT_ACCESSIBILITY" value="1" />
    <property name="java.vm.specification.name" value="Java Virtual Machine Specification" />
    <property name="ant.file.type" value="file" />
    <property name="java.vm.specification.version" value="17" />
    <property name="sun.cpu.endian" value="little" />
    <property name="debuglevel" value="source,lines,vars" />
    <property name="env.HOME" value="/home/fabio" />
    <property name="env.LS_COLORS" value="rs=0:di=01;34:ln=01;36:mh=00:pi=40;33:so=01;35:do=01;35:bd=40;33;01:cd=40;33;01:or=40;31;01:mi=00:su=37;41:sg=30;43:ca=30;41:tw=30;42:ow=34;42:st=37;44:ex=01;32:*.tar=01;31:*.tgz=01;31:*.arc=01;31:*.arj=01;31:*.taz=01;31:*.lha=01;31:*.lz4=01;31:*.lzh=01;31:*.lzma=01;31:*.tlz=01;31:*.txz=01;31:*.tzo=01;31:*.t7z=01;31:*.zip=01;31:*.z=01;31:*.dz=01;31:*.gz=01;31:*.lrz=01;31:*.lz=01;31:*.lzo=01;31:*.xz=01;31:*.zst=01;31:*.tzst=01;31:*.bz2=01;31:*.bz=01;31:*.tbz=01;31:*.tbz2=01;31:*.tz=01;31:*.deb=01;31:*.rpm=01;31:*.jar=01;31:*.war=01;31:*.ear=01;31:*.sar=01;31:*.rar=01;31:*.alz=01;31:*.ace=01;31:*.zoo=01;31:*.cpio=01;31:*.7z=01;31:*.rz=01;31:*.cab=01;31:*.wim=01;31:*.swm=01;31:*.dwm=01;31:*.esd=01;31:*.jpg=01;35:*.jpeg=01;35:*.mjpg=01;35:*.mjpeg=01;35:*.gif=01;35:*.bmp=01;35:*.pbm=01;35:*.pgm=01;35:*.ppm=01;35:*.tga=01;35:*.xbm=01;35:*.xpm=01;35:*.tif=01;35:*.tiff=01;35:*.png=01;35:*.svg=01;35:*.svgz=01;35:*.mng=01;35:*.pcx=01;35:*.mov=01;35:*.mpg=01;35:*.mpeg=01;35:*.m2v=01;35:*.mkv=01;35:*.webm=01;35:*.webp=01;35:*.ogm=01;35:*.mp4=01;35:*.m4v=01;35:*.mp4v=01;35:*.vob=01;35:*.qt=01;35:*.nuv=01;35:*.wmv=01;35:*.asf=01;35:*.rm=01;35:*.rmvb=01;35:*.flc=01;35:*.avi=01;35:*.fli=01;35:*.flv=01;35:*.gl=01;35:*.dl=01;35:*.xcf=01;35:*.xwd=01;35:*.yuv=01;35:*.cgm=01;35:*.emf=01;35:*.ogv=01;35:*.ogx=01;35:*.aac=00;36:*.au=00;36:*.flac=00;36:*.m4a=00;36:*.mid=00;36:*.midi=00;36:*.mka=00;36:*.mp3=00;36:*.mpc=00;36:*.ogg=00;36:*.ra=00;36:*.wav=00;36:*.oga=00;36:*.opus=00;36:*.spx=00;36:*.xspf=00;36:" />
    <property name="java.io.tmpdir" value="/tmp" />
    <property name="java.vendor.url.bug" value="Unknown" />
    <property name="env.SSH_AUTH_SOCK" value="/run/user/1000/keyring/ssh" />
    <property name="os.arch" value="amd64" />
    <property name="env.XDG_RUNTIME_DIR" value="/run/user/1000" />
    <property name="user.dir" value="/home/fabio/Scrivania/Java-stuff/ThinkDataStructures/code" />
    <property name="env.XAUTHORITY" value="/run/user/1000/.mutter-Xwaylandauth.WG7OE2" />
    <property name="env.GTK_MODULES" value="gail:atk-bridge:appmenu-gtk-module" />
    <property name="line.separator" value="&#xa;" />
    <property name="java.vm.name" value="OpenJDK 64-Bit Server VM" />
    <property name="env.COLORTERM" value="truecolor" />
    <property name="basedir" value="/home/fabio/Scrivania/Java-stuff/ThinkDataStructures/code" />
    <property name="ant.java.version" value="17" />
    <property name="ant.core.lib" value="/usr/share/ant/lib/ant.jar" />
    <property name="env.USERNAME" value="fabio" />
    <property name="source" value="1.7" />
    <property name="sun.stderr.encoding" value="UTF-8" />
    <property name="file.encoding" value="UTF-8" />
    <property name="env.WAYLAND_DISPLAY" value="wayland-0" />
    <property name="env.SYSTEMD_EXEC_PID" value="2082" />
    <property name="java.specification.version" value="17" />
    <property name="env.XDG_CONFIG_DIRS" value="/etc/xdg/xdg-ubuntu:/etc/xdg" />
    <property name="ant.project.invoked-targets" value="MyArrayListTest" />
    <property name="env.LESSCLOSE" value="/usr/bin/lesspipe %s %s" />
  </properties>
  <error message="com.allendowney.javacs.MyArrayListTest" type="java.lang.ClassNotFoundException">java.lang.ClassNotFoundException: com.allendowney.javacs.MyArrayListTest
	at java.base/jdk.internal.loader.BuiltinClassLoader.loadClass(BuiltinClassLoader.java:641)
	at java.base/jdk.internal.loader.ClassLoaders$AppClassLoader.loadClass(ClassLoaders.java:188)
	at java.base/java.lang.ClassLoader.loadClass(ClassLoader.java:525)
	at java.base/java.lang.Class.forName0(Native Method)
	at java.base/java.lang.Class.forName(Class.java:375)
</error>
  <system-out><![CDATA[]]></system-out>
  <system-err><![CDATA[]]></system-err>
</testsuite>
